
time="2025-01-30T22:08:45+05:00" level=info msg="Successfully initialized the logrus logger" func=github.com/sherinur/movie-reservation-system/pkg/logging.Init file=init.go
time="2025-01-30T22:09:04+05:00" level=info msg="Successfully initialized the logrus logger" func=github.com/sherinur/movie-reservation-system/pkg/logging.Init file=init.go
time="2025-01-30T22:10:41+05:00" level=info msg="Successfully initialized the logrus logger" func=github.com/sherinur/movie-reservation-system/pkg/logging.Init file=init.go
time="2025-01-30T22:10:41+05:00" level=info msg="Registering routes..." func="user-service/internal/server.(*server).Start" file=server.go
time="2025-01-30T22:10:41+05:00" level=info msg="Starting server on port:8080" func="user-service/internal/server.(*server).Start" file=server.go
time="2025-01-30T22:11:03+05:00" level=info msg="Successfully initialized the logrus logger" func=github.com/sherinur/movie-reservation-system/pkg/logging.Init file=init.go
time="2025-01-30T22:12:22+05:00" level=info msg="Successfully initialized the logrus logger" func=github.com/sherinur/movie-reservation-system/pkg/logging.Init file=init.go
time="2025-01-30T22:13:37+05:00" level=info msg="Successfully initialized the logrus logger" func=github.com/sherinur/movie-reservation-system/pkg/logging.Init file=init.go
time="2025-01-30T22:16:01+05:00" level=info msg="Successfully initialized the logrus logger" func=github.com/sherinur/movie-reservation-system/pkg/logging.Init file=init.go
time="2025-01-30T22:16:25+05:00" level=info msg="Successfully initialized the logrus logger" func=github.com/sherinur/movie-reservation-system/pkg/logging.Init file=init.go
time="2025-01-30T22:17:44+05:00" level=info msg="Successfully initialized the logrus logger" func=github.com/sherinur/movie-reservation-system/pkg/logging.Init file=init.go
time="2025-01-31T01:40:17+05:00" level=info msg="Successfully initialized the logrus logger" func=github.com/sherinur/movie-reservation-system/pkg/logging.Init file=init.go
time="2025-01-31T01:40:17+05:00" level=info msg="Successfully initialized the logrus logger" func=github.com/sherinur/movie-reservation-system/pkg/logging.Init file=init.go
time="2025-01-31T01:40:17+05:00" level=info msg="Registering routes..." func="user-service/internal/server.(*server).Start" file=server.go
time="2025-01-31T01:40:17+05:00" level=info msg="Starting server on port:8080" func="user-service/internal/server.(*server).Start" file=server.go
time="2025-01-31T01:53:18+05:00" level=info msg="Successfully initialized the logrus logger" func=github.com/sherinur/movie-reservation-system/pkg/logging.Init file=init.go
time="2025-01-31T01:53:18+05:00" level=info msg="Successfully initialized the logrus logger" func=github.com/sherinur/movie-reservation-system/pkg/logging.Init file=init.go
time="2025-01-31T01:53:18+05:00" level=info msg="Registering routes..." func="user-service/internal/server.(*server).Start" file=server.go
time="2025-01-31T01:53:18+05:00" level=info msg="Starting server on port:8080" func="user-service/internal/server.(*server).Start" file=server.go
time="2025-01-31T02:59:26+05:00" level=info msg="Successfully initialized the logrus logger" func=github.com/sherinur/movie-reservation-system/pkg/logging.Init file=init.go
time="2025-01-31T15:43:38+05:00" level=info msg="Successfully initialized the logrus logger" func=github.com/sherinur/movie-reservation-system/pkg/logging.Init file=init.go
time="2025-01-31T15:44:02+05:00" level=info msg="Successfully initialized the logrus logger" func=github.com/sherinur/movie-reservation-system/pkg/logging.Init file=init.go
time="2025-01-31T15:44:02+05:00" level=info msg="Successfully initialized the logrus logger" func=github.com/sherinur/movie-reservation-system/pkg/logging.Init file=init.go
time="2025-01-31T15:44:02+05:00" level=info msg="Registering routes..." func="user-service/internal/server.(*server).Start" file=server.go
time="2025-02-04T19:17:53+05:00" level=info msg="Registering routes..." func="user-service/internal/server.(*server).Start" file=server.go
time="2025-02-04T19:18:17+05:00" level=info msg="Registering routes..." func="user-service/internal/server.(*server).Start" file=server.go
time="2025-02-04T19:18:26+05:00" level=info msg="Registering routes..." func="user-service/internal/server.(*server).Start" file=server.go
time="2025-02-04T19:18:36+05:00" level=error msg="Could not register routes: server selection error: context deadline exceeded, current topology: { Type: Unknown, Servers: [{ Addr: mongo:27017, Type: Unknown, Last error: dial tcp: lookup mongo on 127.0.0.53:53: server misbehaving }, ] }" func="user-service/internal/server.(*server).Start" file=server.go
time="2025-02-04T19:19:00+05:00" level=info msg="Registering routes..." func="user-service/internal/server.(*server).Start" file=server.go
time="2025-02-04T19:19:00+05:00" level=info msg="Starting server on port:8080" func="user-service/internal/server.(*server).Start" file=server.go
time="2025-02-04T19:22:20+05:00" level=info msg="Failed authentication attempt to the profile with email  from IP ::1, error: user not found" func="user-service/internal/handler.(*userHandler).HandleLogin" file=user_handler.go
time="2025-02-04T19:22:40+05:00" level=info msg="Registered an user with email nurislam@gmail.com from IP ::1" func="user-service/internal/handler.(*userHandler).HandleRegister" file=user_handler.go
time="2025-02-04T19:22:47+05:00" level=info msg="User with email nurislam@gmail.com logged in from ::1" func="user-service/internal/handler.(*userHandler).HandleLogin" file=user_handler.go
time="2025-02-04T19:23:33+05:00" level=info msg="User with email nurislam@gmail.com logged in from ::1" func="user-service/internal/handler.(*userHandler).HandleLogin" file=user_handler.go
time="2025-02-04T19:50:33+05:00" level=info msg="Registering routes..." func="user-service/internal/server.(*server).Start" file=server.go
time="2025-02-04T19:50:33+05:00" level=info msg="Starting server on port:8080" func="user-service/internal/server.(*server).Start" file=server.go
