time="2025-01-20T16:28:52+05:00" level=info msg="Successfully initialized the logrus logger" func=github.com/sherinur/movie-reservation-system/pkg/logging.Init file=init.go
time="2025-01-20T16:28:52+05:00" level=info msg="Registering routes..." func="user-service/internal/server.(*server).Start" file=server.go
time="2025-01-20T16:29:05+05:00" level=info msg="Successfully initialized the logrus logger" func=github.com/sherinur/movie-reservation-system/pkg/logging.Init file=init.go
time="2025-01-20T16:29:05+05:00" level=info msg="Registering routes..." func="user-service/internal/server.(*server).Start" file=server.go
time="2025-01-20T16:29:15+05:00" level=error msg="Could not register routes: server selection error: context deadline exceeded, current topology: { Type: Unknown, Servers: [{ Addr: mongo:27017, Type: Unknown, Last error: dial tcp: lookup mongo on 127.0.0.53:53: server misbehaving }, ] }" func="user-service/internal/server.(*server).Start" file=server.go
time="2025-01-20T16:29:53+05:00" level=info msg="Successfully initialized the logrus logger" func=github.com/sherinur/movie-reservation-system/pkg/logging.Init file=init.go
time="2025-01-20T16:29:53+05:00" level=info msg="Registering routes..." func="user-service/internal/server.(*server).Start" file=server.go
time="2025-01-20T16:30:03+05:00" level=error msg="Could not register routes: server selection error: context deadline exceeded, current topology: { Type: Unknown, Servers: [{ Addr: mongo:27017, Type: Unknown, Last error: dial tcp: lookup mongo on 127.0.0.53:53: server misbehaving }, ] }" func="user-service/internal/server.(*server).Start" file=server.go
time="2025-01-22T18:54:27+05:00" level=info msg="Successfully initialized the logrus logger" func=github.com/sherinur/movie-reservation-system/pkg/logging.Init file=init.go
time="2025-01-22T18:54:27+05:00" level=info msg="Registering routes.." func="reservation-service/internal/server.(*server).registerRoutes" file=server.go
time="2025-01-22T18:54:27+05:00" level=info msg="Sarting server at the port:8080" func="reservation-service/internal/server.(*server).Start" file=server.go
time="2025-01-22T18:56:49+05:00" level=info msg="Successfully initialized the logrus logger" func=github.com/sherinur/movie-reservation-system/pkg/logging.Init file=init.go
time="2025-01-22T18:56:49+05:00" level=info msg="Registering routes.." func="reservation-service/internal/server.(*server).registerRoutes" file=server.go
time="2025-01-22T18:56:49+05:00" level=info msg="Sarting server at the port:8080" func="reservation-service/internal/server.(*server).Start" file=server.go
time="2025-01-22T18:59:35+05:00" level=info msg="Successfully initialized the logrus logger" func=github.com/sherinur/movie-reservation-system/pkg/logging.Init file=init.go
time="2025-01-22T18:59:35+05:00" level=info msg="Registering routes.." func="reservation-service/internal/server.(*server).registerRoutes" file=server.go
time="2025-01-22T18:59:35+05:00" level=info msg="Sarting server at the port:8080" func="reservation-service/internal/server.(*server).Start" file=server.go
time="2025-01-22T19:02:22+05:00" level=info msg="Successfully initialized the logrus logger" func=github.com/sherinur/movie-reservation-system/pkg/logging.Init file=init.go
time="2025-01-22T19:02:22+05:00" level=info msg="Registering routes.." func="reservation-service/internal/server.(*server).registerRoutes" file=server.go
time="2025-01-22T19:02:22+05:00" level=info msg="Sarting server at the port:8080" func="reservation-service/internal/server.(*server).Start" file=server.go
time="2025-01-22T19:03:08+05:00" level=info msg="Successfully initialized the logrus logger" func=github.com/sherinur/movie-reservation-system/pkg/logging.Init file=init.go
time="2025-01-22T19:03:08+05:00" level=info msg="Registering routes.." func="reservation-service/internal/server.(*server).registerRoutes" file=server.go
time="2025-01-22T19:03:08+05:00" level=info msg="Sarting server at the port:8080" func="reservation-service/internal/server.(*server).Start" file=server.go
